<?xml version="1.0" encoding="UTF-8"?>
<testsuites name="New Test Suite" time="9.671" tests="1" failures="0" errors="0">
   <testsuite name="New Test Suite" tests="1" failures="0" errors="0" time="9.671" skipped="0" timestamp="2022-07-26 14:51:42" hostname="root - d511d625e3b9" id="Test Suites/New Test Suite">
      <properties>
         <property name="deviceName" value=""/>
         <property name="devicePlatform" value=""/>
         <property name="logFolder" value="/tmp/katalon_execute/project/Reports/20220726_145134/New Test Suite/20220726_145135"/>
         <property name="logFiles" value="/tmp/katalon_execute/project/Reports/20220726_145134/New Test Suite/20220726_145135/execution0.log"/>
         <property name="attachments" value=""/>
         <property name="hostName" value="root - d511d625e3b9"/>
         <property name="os" value="Linux 64bit"/>
         <property name="katalonVersion" value="8.4.0.208"/>
         <property name="browser" value="Chrome 103.0.5060.114"/>
         <property name="hostAddress" value="172.17.0.3"/>
         <property name="sessionId" value="cb9dc1ea75b0923760167c47b0cefeb5"/>
         <property name="seleniumVersion" value="3.141.59"/>
         <property name="proxyInformation" value="ProxyInformation { proxyOption=NO_PROXY, proxyServerType=HTTP, username=, password=********, proxyServerAddress=, proxyServerPort=0, executionList=&quot;&quot;, isApplyToDesiredCapabilities=true }"/>
         <property name="platform" value="Linux"/>
      </properties>
      <testcase name="Test Cases/SampleTestCase" time="9.478" classname="Test Cases/SampleTestCase" status="PASSED">
         <system-out><![CDATA[2022-07-26 14:51:42 - [TEST_CASE][PASSED] - Test Cases/SampleTestCase: Test Cases/SampleTestCase

2022-07-26 14:51:42 - [TEST_STEP][PASSED] - openBrowser(""): Browser is opened with url: ''

2022-07-26 14:51:42 - [MESSAGE][INFO] - Starting 'Chrome' driver

2022-07-26 14:51:42 - [MESSAGE][INFO] - Action delay is set to 0 milliseconds

2022-07-26 14:51:43 - [MESSAGE][PASSED] - Browser is opened with url: ''

2022-07-26 14:51:43 - [TEST_STEP][PASSED] - navigateToUrl("https://opensource-demo.orangehrmlive.com/login"): Navigate to 'https://opensource-demo.orangehrmlive.com/login' successfully

2022-07-26 14:51:48 - [MESSAGE][PASSED] - Navigate to 'https://opensource-demo.orangehrmlive.com/login' successfully

2022-07-26 14:51:48 - [TEST_STEP][PASSED] - setText(findTestObject("Object Repository/Page_OrangeHRM/input_LOGIN Panel_txtUsername"), "Admin"): Text 'Admin' is set on object 'Object Repository/Page_OrangeHRM/input_LOGIN Panel_txtUsername'

2022-07-26 14:51:49 - [MESSAGE][PASSED] - Text 'Admin' is set on object 'Object Repository/Page_OrangeHRM/input_LOGIN Panel_txtUsername'

2022-07-26 14:51:49 - [TEST_STEP][PASSED] - setEncryptedText(findTestObject("Object Repository/Page_OrangeHRM/input_Username_txtPassword"), "hUKwJTbofgPU9eVlw/CnDQ=="): Text ****** has been set on object 'Object Repository/Page_OrangeHRM/input_Username_txtPassword'

2022-07-26 14:51:50 - [MESSAGE][PASSED] - Text ****** has been set on object 'Object Repository/Page_OrangeHRM/input_Username_txtPassword'

2022-07-26 14:51:50 - [TEST_STEP][PASSED] - click(findTestObject("Object Repository/Page_OrangeHRM/input_Password_Submit")): Object: 'Object Repository/Page_OrangeHRM/input_Password_Submit' is clicked on

2022-07-26 14:51:51 - [MESSAGE][PASSED] - Object: 'Object Repository/Page_OrangeHRM/input_Password_Submit' is clicked on

2022-07-26 14:51:51 - [TEST_STEP][PASSED] - closeBrowser(): Browser is closed

2022-07-26 14:51:51 - [MESSAGE][PASSED] - Browser is closed]]></system-out>
         <system-err><![CDATA[]]></system-err>
      </testcase>
      <system-out><![CDATA[2022-07-26 14:51:42 - [TEST_SUITE][PASSED] - New Test Suite: Test Cases/SampleTestCase]]></system-out>
      <system-err><![CDATA[]]></system-err>
   </testsuite>
</testsuites>
